<?xml version="1.0" encoding="UTF-8"?>
<testng-results ignored="0" total="4" passed="4" failed="0" skipped="0">
  <reporter-output>
  </reporter-output>
  <suite started-at="2020-03-18T00:11:28Z" name="Migration Suite" finished-at="2020-03-18T00:12:03Z" duration-ms="34739">
    <groups>
    </groups>
    <test started-at="2020-03-18T00:11:28Z" name="Compare Totals in Software Update tile vs Tool Communication tile" finished-at="2020-03-18T00:12:03Z" duration-ms="34739">
      <class name="Scripts.CompareTotalsSoftwareUpdateVSToolCommunication">
        <test-method is-config="true" signature="beforeClass()[pri:0, instance:Scripts.CompareTotalsSoftwareUpdateVSToolCommunication@4b168fa9]" started-at="2020-03-18T00:11:28Z" name="beforeClass" finished-at="2020-03-18T00:11:35Z" duration-ms="6203" status="PASS">
          <reporter-output>
          </reporter-output>
        </test-method> <!-- beforeClass -->
        <test-method signature="OpenWebsite()[pri:1, instance:Scripts.CompareTotalsSoftwareUpdateVSToolCommunication@4b168fa9]" started-at="2020-03-18T00:11:35Z" name="OpenWebsite" finished-at="2020-03-18T00:11:46Z" duration-ms="11438" status="PASS">
          <reporter-output>
          </reporter-output>
        </test-method> <!-- OpenWebsite -->
        <test-method signature="Login()[pri:2, instance:Scripts.CompareTotalsSoftwareUpdateVSToolCommunication@4b168fa9]" started-at="2020-03-18T00:11:46Z" name="Login" finished-at="2020-03-18T00:11:56Z" duration-ms="9901" status="PASS">
          <reporter-output>
          </reporter-output>
        </test-method> <!-- Login -->
        <test-method signature="CompareTotals()[pri:3, instance:Scripts.CompareTotalsSoftwareUpdateVSToolCommunication@4b168fa9]" started-at="2020-03-18T00:11:56Z" name="CompareTotals" finished-at="2020-03-18T00:12:00Z" duration-ms="4110" status="PASS">
          <reporter-output>
          </reporter-output>
        </test-method> <!-- CompareTotals -->
        <test-method signature="CloseBrowser()[pri:4, instance:Scripts.CompareTotalsSoftwareUpdateVSToolCommunication@4b168fa9]" started-at="2020-03-18T00:12:00Z" name="CloseBrowser" finished-at="2020-03-18T00:12:02Z" duration-ms="1993" status="PASS">
          <reporter-output>
          </reporter-output>
        </test-method> <!-- CloseBrowser -->
        <test-method is-config="true" signature="afterClass()[pri:0, instance:Scripts.CompareTotalsSoftwareUpdateVSToolCommunication@4b168fa9]" started-at="2020-03-18T00:12:02Z" name="afterClass" finished-at="2020-03-18T00:12:03Z" duration-ms="1050" status="PASS">
          <reporter-output>
          </reporter-output>
        </test-method> <!-- afterClass -->
      </class> <!-- Scripts.CompareTotalsSoftwareUpdateVSToolCommunication -->
    </test> <!-- Compare Totals in Software Update tile vs Tool Communication tile -->
  </suite> <!-- Migration Suite -->
</testng-results>
