<?xml version="1.0" encoding="UTF-8"?>
<testng-results skipped="0" failed="1" ignored="0" total="29" passed="28">
  <reporter-output>
  </reporter-output>
  <suite name="Migration Suite" duration-ms="163425" started-at="2020-03-18T01:45:09Z" finished-at="2020-03-18T01:47:52Z">
    <groups>
    </groups>
    <test name="Compare Totals in Software Update tile vs Tool Communication tile" duration-ms="34803" started-at="2020-03-18T01:45:09Z" finished-at="2020-03-18T01:45:44Z">
      <class name="Scripts.CompareTotalsSoftwareUpdateVSToolCommunication">
        <test-method status="PASS" signature="beforeClass()[pri:0, instance:Scripts.CompareTotalsSoftwareUpdateVSToolCommunication@8bd1b6a]" name="beforeClass" is-config="true" duration-ms="6616" started-at="2020-03-18T01:45:09Z" finished-at="2020-03-18T01:45:16Z">
          <reporter-output>
          </reporter-output>
        </test-method> <!-- beforeClass -->
        <test-method status="PASS" signature="OpenWebsite()[pri:1, instance:Scripts.CompareTotalsSoftwareUpdateVSToolCommunication@8bd1b6a]" name="OpenWebsite" duration-ms="11820" started-at="2020-03-18T01:45:16Z" finished-at="2020-03-18T01:45:27Z">
          <reporter-output>
          </reporter-output>
        </test-method> <!-- OpenWebsite -->
        <test-method status="PASS" signature="Login()[pri:2, instance:Scripts.CompareTotalsSoftwareUpdateVSToolCommunication@8bd1b6a]" name="Login" duration-ms="10171" started-at="2020-03-18T01:45:27Z" finished-at="2020-03-18T01:45:38Z">
          <reporter-output>
          </reporter-output>
        </test-method> <!-- Login -->
        <test-method status="PASS" signature="CompareTotals()[pri:3, instance:Scripts.CompareTotalsSoftwareUpdateVSToolCommunication@8bd1b6a]" name="CompareTotals" duration-ms="4127" started-at="2020-03-18T01:45:38Z" finished-at="2020-03-18T01:45:42Z">
          <reporter-output>
          </reporter-output>
        </test-method> <!-- CompareTotals -->
        <test-method status="PASS" signature="CloseBrowser()[pri:4, instance:Scripts.CompareTotalsSoftwareUpdateVSToolCommunication@8bd1b6a]" name="CloseBrowser" duration-ms="1304" started-at="2020-03-18T01:45:42Z" finished-at="2020-03-18T01:45:43Z">
          <reporter-output>
          </reporter-output>
        </test-method> <!-- CloseBrowser -->
        <test-method status="PASS" signature="afterClass()[pri:0, instance:Scripts.CompareTotalsSoftwareUpdateVSToolCommunication@8bd1b6a]" name="afterClass" is-config="true" duration-ms="731" started-at="2020-03-18T01:45:43Z" finished-at="2020-03-18T01:45:44Z">
          <reporter-output>
          </reporter-output>
        </test-method> <!-- afterClass -->
      </class> <!-- Scripts.CompareTotalsSoftwareUpdateVSToolCommunication -->
    </test> <!-- Compare Totals in Software Update tile vs Tool Communication tile -->
    <test name="Drilldown Software Update Status tile to SVS report" duration-ms="23991" started-at="2020-03-18T01:45:44Z" finished-at="2020-03-18T01:46:08Z">
      <class name="Scripts.DrilldownSoftwareUpdateStatusToSVS">
        <test-method status="PASS" signature="beforeClass()[pri:0, instance:Scripts.DrilldownSoftwareUpdateStatusToSVS@7cd62f43]" name="beforeClass" is-config="true" duration-ms="5395" started-at="2020-03-18T01:45:44Z" finished-at="2020-03-18T01:45:49Z">
          <reporter-output>
          </reporter-output>
        </test-method> <!-- beforeClass -->
        <test-method status="PASS" signature="OpenWebsite()[pri:1, instance:Scripts.DrilldownSoftwareUpdateStatusToSVS@7cd62f43]" name="OpenWebsite" duration-ms="771" started-at="2020-03-18T01:45:49Z" finished-at="2020-03-18T01:45:50Z">
          <reporter-output>
          </reporter-output>
        </test-method> <!-- OpenWebsite -->
        <test-method status="PASS" signature="Login()[pri:2, instance:Scripts.DrilldownSoftwareUpdateStatusToSVS@7cd62f43]" name="Login" duration-ms="6025" started-at="2020-03-18T01:45:50Z" finished-at="2020-03-18T01:45:56Z">
          <reporter-output>
          </reporter-output>
        </test-method> <!-- Login -->
        <test-method status="PASS" signature="DrilldownToSVS()[pri:3, instance:Scripts.DrilldownSoftwareUpdateStatusToSVS@7cd62f43]" name="DrilldownToSVS" duration-ms="9648" started-at="2020-03-18T01:45:56Z" finished-at="2020-03-18T01:46:06Z">
          <reporter-output>
          </reporter-output>
        </test-method> <!-- DrilldownToSVS -->
        <test-method status="PASS" signature="CloseBrowser()[pri:4, instance:Scripts.DrilldownSoftwareUpdateStatusToSVS@7cd62f43]" name="CloseBrowser" duration-ms="1322" started-at="2020-03-18T01:46:06Z" finished-at="2020-03-18T01:46:07Z">
          <reporter-output>
          </reporter-output>
        </test-method> <!-- CloseBrowser -->
        <test-method status="PASS" signature="afterClass()[pri:0, instance:Scripts.DrilldownSoftwareUpdateStatusToSVS@7cd62f43]" name="afterClass" is-config="true" duration-ms="817" started-at="2020-03-18T01:46:07Z" finished-at="2020-03-18T01:46:08Z">
          <reporter-output>
          </reporter-output>
        </test-method> <!-- afterClass -->
      </class> <!-- Scripts.DrilldownSoftwareUpdateStatusToSVS -->
    </test> <!-- Drilldown Software Update Status tile to SVS report -->
    <test name="Drilldown Tool Communication To Equipment Tracking" duration-ms="25497" started-at="2020-03-18T01:46:08Z" finished-at="2020-03-18T01:46:33Z">
      <class name="Scripts.DrilldownToolCommunicationToEquipmentTracking">
        <test-method status="PASS" signature="beforeClass()[pri:0, instance:Scripts.DrilldownToolCommunicationToEquipmentTracking@42e26948]" name="beforeClass" is-config="true" duration-ms="5399" started-at="2020-03-18T01:46:08Z" finished-at="2020-03-18T01:46:13Z">
          <reporter-output>
          </reporter-output>
        </test-method> <!-- beforeClass -->
        <test-method status="PASS" signature="OpenWebsite()[pri:1, instance:Scripts.DrilldownToolCommunicationToEquipmentTracking@42e26948]" name="OpenWebsite" duration-ms="869" started-at="2020-03-18T01:46:13Z" finished-at="2020-03-18T01:46:14Z">
          <reporter-output>
          </reporter-output>
        </test-method> <!-- OpenWebsite -->
        <test-method status="PASS" signature="Login()[pri:2, instance:Scripts.DrilldownToolCommunicationToEquipmentTracking@42e26948]" name="Login" duration-ms="6004" started-at="2020-03-18T01:46:14Z" finished-at="2020-03-18T01:46:20Z">
          <reporter-output>
          </reporter-output>
        </test-method> <!-- Login -->
        <test-method status="PASS" signature="DrilldownToET()[pri:3, instance:Scripts.DrilldownToolCommunicationToEquipmentTracking@42e26948]" name="DrilldownToET" duration-ms="8264" started-at="2020-03-18T01:46:20Z" finished-at="2020-03-18T01:46:28Z">
          <reporter-output>
          </reporter-output>
        </test-method> <!-- DrilldownToET -->
        <test-method status="PASS" signature="CloseBrowser()[pri:4, instance:Scripts.DrilldownToolCommunicationToEquipmentTracking@42e26948]" name="CloseBrowser" duration-ms="4146" started-at="2020-03-18T01:46:28Z" finished-at="2020-03-18T01:46:32Z">
          <reporter-output>
          </reporter-output>
        </test-method> <!-- CloseBrowser -->
        <test-method status="PASS" signature="afterClass()[pri:0, instance:Scripts.DrilldownToolCommunicationToEquipmentTracking@42e26948]" name="afterClass" is-config="true" duration-ms="809" started-at="2020-03-18T01:46:32Z" finished-at="2020-03-18T01:46:33Z">
          <reporter-output>
          </reporter-output>
        </test-method> <!-- afterClass -->
      </class> <!-- Scripts.DrilldownToolCommunicationToEquipmentTracking -->
    </test> <!-- Drilldown Tool Communication To Equipment Tracking -->
    <test name="Drilldown Tools Not Communicating Tile To Equipment Tracking" duration-ms="22002" started-at="2020-03-18T01:46:33Z" finished-at="2020-03-18T01:46:55Z">
      <class name="Scripts.DrilldownToolsNotCommunicatingToEquipmentTracking">
        <test-method status="PASS" signature="beforeClass()[pri:0, instance:Scripts.DrilldownToolsNotCommunicatingToEquipmentTracking@77cd7a0]" name="beforeClass" is-config="true" duration-ms="5400" started-at="2020-03-18T01:46:33Z" finished-at="2020-03-18T01:46:39Z">
          <reporter-output>
          </reporter-output>
        </test-method> <!-- beforeClass -->
        <test-method status="PASS" signature="OpenWebsite()[pri:1, instance:Scripts.DrilldownToolsNotCommunicatingToEquipmentTracking@77cd7a0]" name="OpenWebsite" duration-ms="799" started-at="2020-03-18T01:46:39Z" finished-at="2020-03-18T01:46:39Z">
          <reporter-output>
          </reporter-output>
        </test-method> <!-- OpenWebsite -->
        <test-method status="PASS" signature="Login()[pri:2, instance:Scripts.DrilldownToolsNotCommunicatingToEquipmentTracking@77cd7a0]" name="Login" duration-ms="5832" started-at="2020-03-18T01:46:39Z" finished-at="2020-03-18T01:46:45Z">
          <reporter-output>
          </reporter-output>
        </test-method> <!-- Login -->
        <test-method status="FAIL" signature="DrilldownToET()[pri:3, instance:Scripts.DrilldownToolsNotCommunicatingToEquipmentTracking@77cd7a0]" name="DrilldownToET" duration-ms="7439" started-at="2020-03-18T01:46:45Z" finished-at="2020-03-18T01:46:53Z">
          <exception class="java.lang.AssertionError">
            <message>
              <![CDATA[expected [Total Records:74] but found [Total Records:65]]]>
            </message>
            <full-stacktrace>
              <![CDATA[java.lang.AssertionError: expected [Total Records:74] but found [Total Records:65]
at org.testng.Assert.fail(Assert.java:96)
at org.testng.Assert.failNotEquals(Assert.java:776)
at org.testng.Assert.assertEqualsImpl(Assert.java:137)
at org.testng.Assert.assertEquals(Assert.java:118)
at org.testng.Assert.assertEquals(Assert.java:453)
at org.testng.Assert.assertEquals(Assert.java:463)
at Scripts.DrilldownToolsNotCommunicatingToEquipmentTracking.DrilldownToET(DrilldownToolsNotCommunicatingToEquipmentTracking.java:45)
at sun.reflect.NativeMethodAccessorImpl.invoke0(Native Method)
at sun.reflect.NativeMethodAccessorImpl.invoke(Unknown Source)
at sun.reflect.DelegatingMethodAccessorImpl.invoke(Unknown Source)
at java.lang.reflect.Method.invoke(Unknown Source)
at org.testng.internal.MethodInvocationHelper.invokeMethod(MethodInvocationHelper.java:124)
at org.testng.internal.Invoker.invokeMethod(Invoker.java:580)
at org.testng.internal.Invoker.invokeTestMethod(Invoker.java:716)
at org.testng.internal.Invoker.invokeTestMethods(Invoker.java:988)
at org.testng.internal.TestMethodWorker.invokeTestMethods(TestMethodWorker.java:125)
at org.testng.internal.TestMethodWorker.run(TestMethodWorker.java:109)
at org.testng.TestRunner.privateRun(TestRunner.java:648)
at org.testng.TestRunner.run(TestRunner.java:505)
at org.testng.SuiteRunner.runTest(SuiteRunner.java:455)
at org.testng.SuiteRunner.runSequentially(SuiteRunner.java:450)
at org.testng.SuiteRunner.privateRun(SuiteRunner.java:415)
at org.testng.SuiteRunner.run(SuiteRunner.java:364)
at org.testng.SuiteRunnerWorker.runSuite(SuiteRunnerWorker.java:52)
at org.testng.SuiteRunnerWorker.run(SuiteRunnerWorker.java:84)
at org.testng.TestNG.runSuitesSequentially(TestNG.java:1208)
at org.testng.TestNG.runSuitesLocally(TestNG.java:1137)
at org.testng.TestNG.runSuites(TestNG.java:1049)
at org.testng.TestNG.run(TestNG.java:1017)
at org.testng.remote.AbstractRemoteTestNG.run(AbstractRemoteTestNG.java:114)
at org.testng.remote.RemoteTestNG.initAndRun(RemoteTestNG.java:251)
at org.testng.remote.RemoteTestNG.main(RemoteTestNG.java:77)
]]>
            </full-stacktrace>
          </exception> <!-- java.lang.AssertionError -->
          <reporter-output>
          </reporter-output>
        </test-method> <!-- DrilldownToET -->
        <test-method status="PASS" signature="CloseBrowser()[pri:4, instance:Scripts.DrilldownToolsNotCommunicatingToEquipmentTracking@77cd7a0]" name="CloseBrowser" duration-ms="1545" started-at="2020-03-18T01:46:53Z" finished-at="2020-03-18T01:46:54Z">
          <reporter-output>
          </reporter-output>
        </test-method> <!-- CloseBrowser -->
        <test-method status="PASS" signature="afterClass()[pri:0, instance:Scripts.DrilldownToolsNotCommunicatingToEquipmentTracking@77cd7a0]" name="afterClass" is-config="true" duration-ms="980" started-at="2020-03-18T01:46:54Z" finished-at="2020-03-18T01:46:55Z">
          <reporter-output>
          </reporter-output>
        </test-method> <!-- afterClass -->
      </class> <!-- Scripts.DrilldownToolsNotCommunicatingToEquipmentTracking -->
    </test> <!-- Drilldown Tools Not Communicating Tile To Equipment Tracking -->
    <test name="Compare Total Counts from Software Update Tile vs By Software Version Tile" duration-ms="18316" started-at="2020-03-18T01:46:55Z" finished-at="2020-03-18T01:47:14Z">
      <class name="Scripts.ValidateCountsToolsBySoftwareVersion">
        <test-method status="PASS" signature="beforeClass()[pri:0, instance:Scripts.ValidateCountsToolsBySoftwareVersion@f6c48ac]" name="beforeClass" is-config="true" duration-ms="5331" started-at="2020-03-18T01:46:55Z" finished-at="2020-03-18T01:47:01Z">
          <reporter-output>
          </reporter-output>
        </test-method> <!-- beforeClass -->
        <test-method status="PASS" signature="OpenWebsite()[pri:1, instance:Scripts.ValidateCountsToolsBySoftwareVersion@f6c48ac]" name="OpenWebsite" duration-ms="829" started-at="2020-03-18T01:47:01Z" finished-at="2020-03-18T01:47:01Z">
          <reporter-output>
          </reporter-output>
        </test-method> <!-- OpenWebsite -->
        <test-method status="PASS" signature="Login()[pri:2, instance:Scripts.ValidateCountsToolsBySoftwareVersion@f6c48ac]" name="Login" duration-ms="5565" started-at="2020-03-18T01:47:01Z" finished-at="2020-03-18T01:47:07Z">
          <reporter-output>
          </reporter-output>
        </test-method> <!-- Login -->
        <test-method status="PASS" signature="CompareCountsTileOnTopVSBySoftwareVersion()[pri:3, instance:Scripts.ValidateCountsToolsBySoftwareVersion@f6c48ac]" name="CompareCountsTileOnTopVSBySoftwareVersion" duration-ms="4520" started-at="2020-03-18T01:47:07Z" finished-at="2020-03-18T01:47:12Z">
          <reporter-output>
          </reporter-output>
        </test-method> <!-- CompareCountsTileOnTopVSBySoftwareVersion -->
        <test-method status="PASS" signature="CloseBrowser()[pri:4, instance:Scripts.ValidateCountsToolsBySoftwareVersion@f6c48ac]" name="CloseBrowser" duration-ms="1202" started-at="2020-03-18T01:47:12Z" finished-at="2020-03-18T01:47:13Z">
          <reporter-output>
          </reporter-output>
        </test-method> <!-- CloseBrowser -->
        <test-method status="PASS" signature="afterClass()[pri:0, instance:Scripts.ValidateCountsToolsBySoftwareVersion@f6c48ac]" name="afterClass" is-config="true" duration-ms="864" started-at="2020-03-18T01:47:13Z" finished-at="2020-03-18T01:47:14Z">
          <reporter-output>
          </reporter-output>
        </test-method> <!-- afterClass -->
      </class> <!-- Scripts.ValidateCountsToolsBySoftwareVersion -->
    </test> <!-- Compare Total Counts from Software Update Tile vs By Software Version Tile -->
    <test name="Validate Counts In Tools Out Of Date By Location Tile" duration-ms="18193" started-at="2020-03-18T01:47:14Z" finished-at="2020-03-18T01:47:32Z">
      <class name="Scripts.ValidateCountsToolsOutOfDateByLocation">
        <test-method status="PASS" signature="beforeClass()[pri:0, instance:Scripts.ValidateCountsToolsOutOfDateByLocation@14bf9759]" name="beforeClass" is-config="true" duration-ms="5422" started-at="2020-03-18T01:47:14Z" finished-at="2020-03-18T01:47:19Z">
          <reporter-output>
          </reporter-output>
        </test-method> <!-- beforeClass -->
        <test-method status="PASS" signature="OpenWebsite()[pri:1, instance:Scripts.ValidateCountsToolsOutOfDateByLocation@14bf9759]" name="OpenWebsite" duration-ms="782" started-at="2020-03-18T01:47:19Z" finished-at="2020-03-18T01:47:20Z">
          <reporter-output>
          </reporter-output>
        </test-method> <!-- OpenWebsite -->
        <test-method status="PASS" signature="Login()[pri:2, instance:Scripts.ValidateCountsToolsOutOfDateByLocation@14bf9759]" name="Login" duration-ms="5574" started-at="2020-03-18T01:47:20Z" finished-at="2020-03-18T01:47:25Z">
          <reporter-output>
          </reporter-output>
        </test-method> <!-- Login -->
        <test-method status="PASS" signature="CompareCountsTileOnTopVSByLocation()[pri:3, instance:Scripts.ValidateCountsToolsOutOfDateByLocation@14bf9759]" name="CompareCountsTileOnTopVSByLocation" duration-ms="4332" started-at="2020-03-18T01:47:25Z" finished-at="2020-03-18T01:47:30Z">
          <reporter-output>
          </reporter-output>
        </test-method> <!-- CompareCountsTileOnTopVSByLocation -->
        <test-method status="PASS" signature="CloseBrowser()[pri:4, instance:Scripts.ValidateCountsToolsOutOfDateByLocation@14bf9759]" name="CloseBrowser" duration-ms="1210" started-at="2020-03-18T01:47:30Z" finished-at="2020-03-18T01:47:31Z">
          <reporter-output>
          </reporter-output>
        </test-method> <!-- CloseBrowser -->
        <test-method status="PASS" signature="afterClass()[pri:0, instance:Scripts.ValidateCountsToolsOutOfDateByLocation@14bf9759]" name="afterClass" is-config="true" duration-ms="866" started-at="2020-03-18T01:47:31Z" finished-at="2020-03-18T01:47:32Z">
          <reporter-output>
          </reporter-output>
        </test-method> <!-- afterClass -->
      </class> <!-- Scripts.ValidateCountsToolsOutOfDateByLocation -->
    </test> <!-- Validate Counts In Tools Out Of Date By Location Tile -->
    <test name="Validate Tools Not Communicating Tile" duration-ms="19767" started-at="2020-03-18T01:47:32Z" finished-at="2020-03-18T01:47:52Z">
      <class name="Scripts.ValidateNumberInToolsNotCommunicatingTile">
        <test-method status="PASS" signature="beforeClass()[pri:0, instance:Scripts.ValidateNumberInToolsNotCommunicatingTile@402a079c]" name="beforeClass" is-config="true" duration-ms="5365" started-at="2020-03-18T01:47:32Z" finished-at="2020-03-18T01:47:37Z">
          <reporter-output>
          </reporter-output>
        </test-method> <!-- beforeClass -->
        <test-method status="PASS" signature="OpenWebsite()[pri:1, instance:Scripts.ValidateNumberInToolsNotCommunicatingTile@402a079c]" name="OpenWebsite" duration-ms="778" started-at="2020-03-18T01:47:37Z" finished-at="2020-03-18T01:47:38Z">
          <reporter-output>
          </reporter-output>
        </test-method> <!-- OpenWebsite -->
        <test-method status="PASS" signature="Login()[pri:2, instance:Scripts.ValidateNumberInToolsNotCommunicatingTile@402a079c]" name="Login" duration-ms="5036" started-at="2020-03-18T01:47:38Z" finished-at="2020-03-18T01:47:43Z">
          <reporter-output>
          </reporter-output>
        </test-method> <!-- Login -->
        <test-method status="PASS" signature="ValidateToolsNotCommunicatingCount()[pri:3, instance:Scripts.ValidateNumberInToolsNotCommunicatingTile@402a079c]" name="ValidateToolsNotCommunicatingCount" duration-ms="6146" started-at="2020-03-18T01:47:43Z" finished-at="2020-03-18T01:47:49Z">
          <reporter-output>
          </reporter-output>
        </test-method> <!-- ValidateToolsNotCommunicatingCount -->
        <test-method status="PASS" signature="CloseBrowser()[pri:4, instance:Scripts.ValidateNumberInToolsNotCommunicatingTile@402a079c]" name="CloseBrowser" duration-ms="1525" started-at="2020-03-18T01:47:49Z" finished-at="2020-03-18T01:47:51Z">
          <reporter-output>
          </reporter-output>
        </test-method> <!-- CloseBrowser -->
        <test-method status="PASS" signature="afterClass()[pri:0, instance:Scripts.ValidateNumberInToolsNotCommunicatingTile@402a079c]" name="afterClass" is-config="true" duration-ms="911" started-at="2020-03-18T01:47:51Z" finished-at="2020-03-18T01:47:52Z">
          <reporter-output>
          </reporter-output>
        </test-method> <!-- afterClass -->
      </class> <!-- Scripts.ValidateNumberInToolsNotCommunicatingTile -->
    </test> <!-- Validate Tools Not Communicating Tile -->
    <test name="Ignore - Closing WebDriver" duration-ms="780" started-at="2020-03-18T01:47:52Z" finished-at="2020-03-18T01:47:52Z">
      <class name="pkg.CloseWebDriverSession">
        <test-method status="PASS" signature="CloseWebDriverSession()[pri:0, instance:pkg.CloseWebDriverSession@5700d6b1]" name="CloseWebDriverSession" duration-ms="779" started-at="2020-03-18T01:47:52Z" finished-at="2020-03-18T01:47:52Z">
          <reporter-output>
          </reporter-output>
        </test-method> <!-- CloseWebDriverSession -->
      </class> <!-- pkg.CloseWebDriverSession -->
    </test> <!-- Ignore - Closing WebDriver -->
  </suite> <!-- Migration Suite -->
</testng-results>
