<?xml version="1.0" encoding="UTF-8"?>
<!-- Generated by org.testng.reporters.JUnitXMLReporter -->
<testsuite ignored="0" hostname="LAPTOP-PEB8BH71" failures="4" tests="4" name="Compare Totals in Software Update tile vs Tool Communication tile" time="0.194" errors="0" timestamp="17 Mar 2020 23:55:35 GMT">
  <testcase classname="Scripts.CompareTotalsSoftwareUpdateVSToolCommunication" name="OpenWebsite" time="0.103">
    <failure type="java.lang.ExceptionInInitializerError">
      <![CDATA[java.lang.ExceptionInInitializerError
at Scripts.CompareTotalsSoftwareUpdateVSToolCommunication.OpenWebsite(CompareTotalsSoftwareUpdateVSToolCommunication.java:14)
Caused by: java.lang.IllegalStateException: The path to the driver executable must be set by the webdriver.chrome.driver system property; for more information, see https://github.com/SeleniumHQ/selenium/wiki/ChromeDriver. The latest version can be downloaded from http://chromedriver.storage.googleapis.com/index.html
at com.google.common.base.Preconditions.checkState(Preconditions.java:847)
at org.openqa.selenium.remote.service.DriverService.findExecutable(DriverService.java:125)
at org.openqa.selenium.chrome.ChromeDriverService.access$000(ChromeDriverService.java:35)
at org.openqa.selenium.chrome.ChromeDriverService$Builder.findDefaultExecutable(ChromeDriverService.java:159)
at org.openqa.selenium.remote.service.DriverService$Builder.build(DriverService.java:346)
at org.openqa.selenium.chrome.ChromeDriverService.createDefaultService(ChromeDriverService.java:94)
at org.openqa.selenium.chrome.ChromeDriver.<init>(ChromeDriver.java:123)
at pkg.Main.<clinit>(Main.java:17)
... 26 more
... Removed 25 stack frames]]>
    </failure>
  </testcase> <!-- OpenWebsite -->
  <testcase classname="Scripts.CompareTotalsSoftwareUpdateVSToolCommunication" name="Login" time="0.002">
    <failure type="java.lang.NoClassDefFoundError" message="Could not initialize class pkg.LoginPage">
      <![CDATA[java.lang.NoClassDefFoundError: Could not initialize class pkg.LoginPage
at Scripts.CompareTotalsSoftwareUpdateVSToolCommunication.Login(CompareTotalsSoftwareUpdateVSToolCommunication.java:19)
... Removed 25 stack frames]]>
    </failure>
  </testcase> <!-- Login -->
  <testcase classname="Scripts.CompareTotalsSoftwareUpdateVSToolCommunication" name="CompareTotals" time="0.009">
    <failure type="java.lang.NoClassDefFoundError" message="Could not initialize class pkg.Main">
      <![CDATA[java.lang.NoClassDefFoundError: Could not initialize class pkg.Main
at Scripts.CompareTotalsSoftwareUpdateVSToolCommunication.CompareTotals(CompareTotalsSoftwareUpdateVSToolCommunication.java:25)
... Removed 25 stack frames]]>
    </failure>
  </testcase> <!-- CompareTotals -->
  <testcase classname="Scripts.CompareTotalsSoftwareUpdateVSToolCommunication" name="CloseBrowser" time="0.001">
    <failure type="java.lang.NoClassDefFoundError" message="Could not initialize class pkg.Main">
      <![CDATA[java.lang.NoClassDefFoundError: Could not initialize class pkg.Main
at Scripts.CompareTotalsSoftwareUpdateVSToolCommunication.CloseBrowser(CompareTotalsSoftwareUpdateVSToolCommunication.java:32)
... Removed 25 stack frames]]>
    </failure>
  </testcase> <!-- CloseBrowser -->
</testsuite> <!-- Compare Totals in Software Update tile vs Tool Communication tile -->
