<?xml version="1.0" encoding="UTF-8"?>
<!-- Generated by org.testng.reporters.JUnitXMLReporter -->
<testsuite ignored="0" hostname="LAPTOP-PEB8BH71" failures="0" tests="4" name="Compare Totals in Software Update tile vs Tool Communication tile" time="34.739" errors="0" timestamp="18 Mar 2020 00:12:03 GMT">
  <testcase classname="Scripts.CompareTotalsSoftwareUpdateVSToolCommunication" name="OpenWebsite" time="11.438"/>
  <testcase classname="Scripts.CompareTotalsSoftwareUpdateVSToolCommunication" name="Login" time="9.901"/>
  <testcase classname="Scripts.CompareTotalsSoftwareUpdateVSToolCommunication" name="CompareTotals" time="4.11"/>
  <testcase classname="Scripts.CompareTotalsSoftwareUpdateVSToolCommunication" name="CloseBrowser" time="1.993"/>
</testsuite> <!-- Compare Totals in Software Update tile vs Tool Communication tile -->
