<?xml version="1.0" encoding="UTF-8"?>
<!-- Generated by org.testng.reporters.JUnitXMLReporter -->
<testsuite hostname="LAPTOP-PEB8BH71" ignored="0" name="Compare Total Counts from Software Update Tile vs By Software Version Tile" tests="4" failures="0" timestamp="18 Mar 2020 01:47:14 GMT" time="18.316" errors="0">
  <testcase name="OpenWebsite" time="0.829" classname="Scripts.ValidateCountsToolsBySoftwareVersion"/>
  <testcase name="Login" time="5.565" classname="Scripts.ValidateCountsToolsBySoftwareVersion"/>
  <testcase name="CompareCountsTileOnTopVSBySoftwareVersion" time="4.52" classname="Scripts.ValidateCountsToolsBySoftwareVersion"/>
  <testcase name="CloseBrowser" time="1.202" classname="Scripts.ValidateCountsToolsBySoftwareVersion"/>
</testsuite> <!-- Compare Total Counts from Software Update Tile vs By Software Version Tile -->
