<?xml version="1.0" encoding="UTF-8"?>
<!-- Generated by org.testng.reporters.JUnitXMLReporter -->
<testsuite hostname="LAPTOP-PEB8BH71" ignored="0" name="Compare Totals in Software Update tile vs Tool Communication tile" tests="4" failures="0" timestamp="18 Mar 2020 01:45:44 GMT" time="34.803" errors="0">
  <testcase name="OpenWebsite" time="11.82" classname="Scripts.CompareTotalsSoftwareUpdateVSToolCommunication"/>
  <testcase name="Login" time="10.171" classname="Scripts.CompareTotalsSoftwareUpdateVSToolCommunication"/>
  <testcase name="CompareTotals" time="4.127" classname="Scripts.CompareTotalsSoftwareUpdateVSToolCommunication"/>
  <testcase name="CloseBrowser" time="1.304" classname="Scripts.CompareTotalsSoftwareUpdateVSToolCommunication"/>
</testsuite> <!-- Compare Totals in Software Update tile vs Tool Communication tile -->
