<?xml version="1.0" encoding="UTF-8"?>
<!-- Generated by org.testng.reporters.JUnitXMLReporter -->
<testsuite hostname="LAPTOP-PEB8BH71" ignored="0" name="Drilldown Tool Communication To Equipment Tracking" tests="4" failures="0" timestamp="18 Mar 2020 01:46:33 GMT" time="25.497" errors="0">
  <testcase name="OpenWebsite" time="0.869" classname="Scripts.DrilldownToolCommunicationToEquipmentTracking"/>
  <testcase name="Login" time="6.004" classname="Scripts.DrilldownToolCommunicationToEquipmentTracking"/>
  <testcase name="DrilldownToET" time="8.264" classname="Scripts.DrilldownToolCommunicationToEquipmentTracking"/>
  <testcase name="CloseBrowser" time="4.146" classname="Scripts.DrilldownToolCommunicationToEquipmentTracking"/>
</testsuite> <!-- Drilldown Tool Communication To Equipment Tracking -->
