<?xml version="1.0" encoding="UTF-8"?>
<!-- Generated by org.testng.reporters.JUnitXMLReporter -->
<testsuite hostname="LAPTOP-PEB8BH71" ignored="0" name="Drilldown Tools Not Communicating Tile To Equipment Tracking" tests="4" failures="1" timestamp="18 Mar 2020 01:46:55 GMT" time="22.002" errors="0">
  <testcase name="OpenWebsite" time="0.799" classname="Scripts.DrilldownToolsNotCommunicatingToEquipmentTracking"/>
  <testcase name="Login" time="5.832" classname="Scripts.DrilldownToolsNotCommunicatingToEquipmentTracking"/>
  <testcase name="DrilldownToET" time="7.439" classname="Scripts.DrilldownToolsNotCommunicatingToEquipmentTracking">
    <failure type="java.lang.AssertionError" message="expected [Total Records:74] but found [Total Records:65]">
      <![CDATA[java.lang.AssertionError: expected [Total Records:74] but found [Total Records:65]
at Scripts.DrilldownToolsNotCommunicatingToEquipmentTracking.DrilldownToET(DrilldownToolsNotCommunicatingToEquipmentTracking.java:45)
... Removed 31 stack frames]]>
    </failure>
  </testcase> <!-- DrilldownToET -->
  <testcase name="CloseBrowser" time="1.545" classname="Scripts.DrilldownToolsNotCommunicatingToEquipmentTracking"/>
</testsuite> <!-- Drilldown Tools Not Communicating Tile To Equipment Tracking -->
