<?xml version="1.0" encoding="UTF-8"?>
<!-- Generated by org.testng.reporters.JUnitXMLReporter -->
<testsuite hostname="LAPTOP-PEB8BH71" ignored="0" name="Drilldown Software Update Status tile to SVS report" tests="4" failures="0" timestamp="18 Mar 2020 01:46:08 GMT" time="23.991" errors="0">
  <testcase name="OpenWebsite" time="0.771" classname="Scripts.DrilldownSoftwareUpdateStatusToSVS"/>
  <testcase name="Login" time="6.025" classname="Scripts.DrilldownSoftwareUpdateStatusToSVS"/>
  <testcase name="DrilldownToSVS" time="9.648" classname="Scripts.DrilldownSoftwareUpdateStatusToSVS"/>
  <testcase name="CloseBrowser" time="1.322" classname="Scripts.DrilldownSoftwareUpdateStatusToSVS"/>
</testsuite> <!-- Drilldown Software Update Status tile to SVS report -->
