<?xml version="1.0" encoding="UTF-8"?>
<!-- Generated by org.testng.reporters.JUnitXMLReporter -->
<testsuite hostname="LAPTOP-PEB8BH71" ignored="0" name="Validate Counts In Tools Out Of Date By Location Tile" tests="4" failures="0" timestamp="18 Mar 2020 01:47:32 GMT" time="18.193" errors="0">
  <testcase name="OpenWebsite" time="0.782" classname="Scripts.ValidateCountsToolsOutOfDateByLocation"/>
  <testcase name="Login" time="5.574" classname="Scripts.ValidateCountsToolsOutOfDateByLocation"/>
  <testcase name="CompareCountsTileOnTopVSByLocation" time="4.332" classname="Scripts.ValidateCountsToolsOutOfDateByLocation"/>
  <testcase name="CloseBrowser" time="1.21" classname="Scripts.ValidateCountsToolsOutOfDateByLocation"/>
</testsuite> <!-- Validate Counts In Tools Out Of Date By Location Tile -->
