<?xml version="1.0" encoding="UTF-8"?>
<!-- Generated by org.testng.reporters.JUnitXMLReporter -->
<testsuite hostname="LAPTOP-PEB8BH71" ignored="0" name="Validate Tools Not Communicating Tile" tests="4" failures="0" timestamp="18 Mar 2020 01:47:52 GMT" time="19.767" errors="0">
  <testcase name="OpenWebsite" time="0.778" classname="Scripts.ValidateNumberInToolsNotCommunicatingTile"/>
  <testcase name="Login" time="5.036" classname="Scripts.ValidateNumberInToolsNotCommunicatingTile"/>
  <testcase name="ValidateToolsNotCommunicatingCount" time="6.146" classname="Scripts.ValidateNumberInToolsNotCommunicatingTile"/>
  <testcase name="CloseBrowser" time="1.525" classname="Scripts.ValidateNumberInToolsNotCommunicatingTile"/>
</testsuite> <!-- Validate Tools Not Communicating Tile -->
